[2025/05/27 01:29:52]: §9          __             _       
[2025/05/27 01:29:52]: §9  _ __   / /  ___   __ _(_)_ __  
[2025/05/27 01:29:52]: §9 | '_ \ / /  / _ \ / _` | | '_ \ 
[2025/05/27 01:29:52]: §9 | | | / /__| (_) | (_| | | | | |
[2025/05/27 01:29:52]: §9 |_| |_\____/\___/ \__, |_|_| |_|
[2025/05/27 01:29:52]: §9                  |___/            
[2025/05/27 01:29:52]: §9 By: www.nickuc.com - V 10.4.23 DEVELOPMENT
[2025/05/27 01:29:52]: §9 
[2025/05/27 01:29:52]: §3[nLogin] [DEBUG] The config.yml file was created successfully.
[2025/05/27 01:29:54]: §3[nLogin] [DEBUG] All settings were loaded in 2056 ms.
[2025/05/27 01:29:54]: §3[nLogin] [DEBUG] Loading the messages_en.yml message file...
[2025/05/27 01:29:54]: §3[nLogin] [DEBUG] All plugin messages were loaded in 55 ms (languageByClient=false).
[2025/05/27 01:29:54]: §3[nLogin] [DEBUG] All proxy settings were loaded in 1 ms.
[2025/05/27 01:29:54]: §3[nLogin] [DEBUG] Loading database...
[2025/05/27 01:29:54]: [nLogin] Generating RSA keypair... (this may take a while)
[2025/05/27 01:29:56]: [nLogin] The RSA key pair was successfully generated. Took 2.00s
[2025/05/27 01:29:56]: §3[nLogin] [DEBUG] Starting logger filter...
[2025/05/27 01:29:56]: [nLogin] Starting the OpeNLogin conversion...
[2025/05/27 01:29:56]: §e[nLogin] [WARN] Initializing the OpeNLogin conversion
[2025/05/27 01:29:56]: §e[nLogin] [WARN] Please do not shut down your server.
[2025/05/27 01:29:57]: [nLogin] OpeNLogin data has been successfully converted.
[2025/05/27 01:29:57]: [nLogin] No users have been converted ~ 0.04s
[2025/05/27 01:29:57]: [nLogin] Downloading ProtocolLib...
[2025/05/27 01:29:57]: [nLogin] *-----------------------------------------------*
[2025/05/27 01:29:57]: [nLogin]   ProtocolLib has been successfully downloaded.
[2025/05/27 01:29:57]: [nLogin]   Restarting server to apply changes...
[2025/05/27 01:29:57]: [nLogin] *-----------------------------------------------*
[2025/05/27 01:30:16]: [nLogin] Successful plugin core shutdown (took 0.00s)
