[11:05:40] [ServerMain/INFO]: Environment: Environment[sessionHost=https://sessionserver.mojang.com, servicesHost=https://api.minecraftservices.com, name=PROD]
[11:05:41] [ServerMain/INFO]: No existing world data, creating new world
[11:05:41] [ServerMain/INFO]: Loaded 1290 recipes
[11:05:41] [ServerMain/INFO]: Loaded 1399 advancements
[11:05:42] [Server thread/INFO]: Starting minecraft server version 1.21
[11:05:42] [Server thread/INFO]: Loading properties
[11:05:42] [Server thread/INFO]: Default game type: SURVIVAL
[11:05:42] [Server thread/INFO]: Generating keypair
[11:05:42] [Server thread/INFO]: Starting Minecraft server on *:25565
[11:05:42] [Server thread/INFO]: Using epoll channel type
[11:05:42] [Server thread/WARN]: **** SERVER IS RUNNING IN OFFLINE/INSECURE MODE!
[11:05:42] [Server thread/WARN]: The server will make no attempt to authenticate usernames. Beware.
[11:05:42] [Server thread/WARN]: While this makes the game possible to play without internet access, it also opens up the ability for hackers to connect with any username they choose.
[11:05:42] [Server thread/WARN]: To change this, set "online-mode" to "true" in the server.properties file.
[11:05:42] [Server thread/INFO]: Preparing level "world"
[11:05:48] [Server thread/INFO]: Preparing start region for dimension minecraft:overworld
[11:05:49] [Worker-Main-2/INFO]: Preparing spawn area: 2%
[11:05:49] [Worker-Main-2/INFO]: Preparing spawn area: 2%
[11:05:49] [Worker-Main-1/INFO]: Preparing spawn area: 2%
[11:05:50] [Worker-Main-2/INFO]: Preparing spawn area: 2%
[11:05:50] [Worker-Main-3/INFO]: Preparing spawn area: 18%
[11:05:51] [Worker-Main-3/INFO]: Preparing spawn area: 18%
[11:05:51] [Worker-Main-1/INFO]: Preparing spawn area: 20%
[11:05:52] [Worker-Main-3/INFO]: Preparing spawn area: 51%
[11:05:52] [Worker-Main-3/INFO]: Preparing spawn area: 51%
[11:05:53] [Worker-Main-3/INFO]: Preparing spawn area: 51%
[11:05:53] [Server thread/INFO]: Time elapsed: 4895 ms
[11:05:53] [Server thread/INFO]: Done (11.126s)! For help, type "help"
